<?xml version="1.0" encoding="UTF-8"?>
<!-- Generated by org.testng.reporters.JUnitReportReporter -->
<testsuite skipped="0" hostname="LAPTOP-5QL3TF37" name="com.dollardays.testcases.LoginTestcase" tests="1" failures="0" timestamp="2020-12-29T20:39:16 CST" time="62.109" errors="0">
  <testcase name="invokeLogin" time="62.109" classname="com.dollardays.testcases.LoginTestcase"/>
  <system-out/>
</testsuite> <!-- com.dollardays.testcases.LoginTestcase -->
