<?xml version="1.0" encoding="UTF-8"?>
<!-- Generated by org.testng.reporters.JUnitReportReporter -->
<testsuite skipped="0" hostname="LAPTOP-5QL3TF37" name="com.dollardays.testcases.submitrequesttest" tests="1" failures="0" timestamp="2021-01-06T17:10:59 CST" time="55.241" errors="0">
  <testcase name="enteringthedata" time="55.241" classname="com.dollardays.testcases.submitrequesttest"/>
  <system-out/>
</testsuite> <!-- com.dollardays.testcases.submitrequesttest -->
