<?xml version="1.0" encoding="UTF-8"?>
<!-- Generated by org.testng.reporters.JUnitReportReporter -->
<testsuite skipped="0" hostname="LAPTOP-5QL3TF37" name="com.dollardays.testcases.newaccounttest" tests="1" failures="0" timestamp="2021-01-06T19:25:01 CST" time="29.708" errors="0">
  <testcase name="createlogin" time="29.708" classname="com.dollardays.testcases.newaccounttest"/>
  <system-out/>
</testsuite> <!-- com.dollardays.testcases.newaccounttest -->
