<?xml version="1.0" encoding="UTF-8"?>
<!-- Generated by org.testng.reporters.JUnitReportReporter -->
<testsuite hostname="LAPTOP-5QL3TF37" failures="0" tests="1" name="com.dollardays.testcases.newaccounttest" time="35.317" errors="0" timestamp="08 Jan 2021 21:27:05 GMT" skipped="0">
  <testcase classname="com.dollardays.testcases.newaccounttest" name="createlogin" time="35.317"/>
</testsuite> <!-- com.dollardays.testcases.newaccounttest -->
